<?xml version="1.0" encoding="UTF-8"?>
<!-- Generated by org.testng.reporters.JUnitReportReporter -->
<testsuite skipped="0" hostname="DESKTOP-ACRMBSA" name="login.LoginTest" tests="6" failures="0" timestamp="29 Jul 2020 11:24:27 GMT" time="4.274" errors="0">
  <testcase name="NoCredentialsEnteredAttemptLogin" time="0.257" classname="login.LoginTest"/>
  <testcase name="OnlyPasswordEnteredLoginAttempt" time="0.453" classname="login.LoginTest"/>
  <testcase name="OnlyUsernameEnteredLoginAttempt" time="0.443" classname="login.LoginTest"/>
  <testcase name="EnterWrongPassword" time="0.575" classname="login.LoginTest"/>
  <testcase name="EnterWrongUsername" time="0.499" classname="login.LoginTest"/>
  <testcase name="CorrectCredentialsLoginEnterKey" time="2.047" classname="login.LoginTest"/>
</testsuite> <!-- login.LoginTest -->
