<?xml version="1.0" encoding="UTF-8"?>
<!-- Generated by org.testng.reporters.JUnitReportReporter -->
<testsuite skipped="0" hostname="DESKTOP-ACRMBSA" name="purchaing.PurchasingItemsTest" tests="1" failures="0" timestamp="29 Jul 2020 10:46:48 GMT" time="8.575" errors="0">
  <testcase name="LoginVerifyAddedItemToCartIsDisplayed" time="8.575" classname="purchaing.PurchasingItemsTest"/>
</testsuite> <!-- purchaing.PurchasingItemsTest -->
