<?xml version="1.0" encoding="UTF-8"?>
<!-- Generated by org.testng.reporters.JUnitReportReporter -->
<testsuite skipped="0" hostname="DESKTOP-ACRMBSA" name="login.Login" tests="3" failures="0" timestamp="13 Jul 2020 13:43:00 GMT" time="1.267" errors="0">
  <testcase name="NoCredentialsEnteredAttemptLogin" time="0.274" classname="login.Login"/>
  <testcase name="OnlyPasswordEnteredLoginAttempt" time="0.513" classname="login.Login"/>
  <testcase name="OnlyUsernameEnteredLoginAttempt" time="0.480" classname="login.Login"/>
</testsuite> <!-- login.Login -->
