<?xml version="1.0" encoding="UTF-8"?>
<!-- Generated by org.testng.reporters.JUnitReportReporter -->
<testsuite skipped="0" hostname="DESKTOP-ACRMBSA" name="purchaing.PurchasingItems" tests="1" failures="0" timestamp="13 Jul 2020 13:43:27 GMT" time="7.792" errors="0">
  <testcase name="LoginVerifyAddedItemToCartIsDisplayed" time="7.792" classname="purchaing.PurchasingItems"/>
</testsuite> <!-- purchaing.PurchasingItems -->
