<?xml version="1.0" encoding="UTF-8"?>
<!-- Generated by org.testng.reporters.JUnitReportReporter -->
<testsuite skipped="0" hostname="DESKTOP-ACRMBSA" name="login.LoginTest" tests="3" failures="0" timestamp="13 Jul 2020 14:56:27 GMT" time="1.214" errors="0">
  <testcase name="NoCredentialsEnteredAttemptLogin" time="0.300" classname="login.LoginTest"/>
  <testcase name="OnlyPasswordEnteredLoginAttempt" time="0.478" classname="login.LoginTest"/>
  <testcase name="OnlyUsernameEnteredLoginAttempt" time="0.436" classname="login.LoginTest"/>
</testsuite> <!-- login.LoginTest -->
